<?xml version="1.0" encoding="UTF-8"?>
<!-- Generated by org.testng.reporters.JUnitXMLReporter -->
<testsuite ignored="1" hostname="Muhameds-MacBook-Pro-2.local" failures="0" tests="1" name="KeyPressesTests-CH" time="3.863" errors="0" timestamp="27 Feb 2022 20:19:48 GMT">
  <testcase classname="com.herokuapp.theinternet.keypressestests.KeyPressesTests" name="pressKeyWithActionsTest" time="1.757"/>
  <testcase classname="com.herokuapp.theinternet.keypressestests.KeyPressesTests" name="pressKeyTest" time="0.0">
    <ignored/>
  </testcase> <!-- pressKeyTest -->
</testsuite> <!-- KeyPressesTests-CH -->
